<?xml version="1.0" encoding="UTF-8"?>
<!-- Generated by org.testng.reporters.JUnitReportReporter -->
<testsuite hostname="Kalyani" failures="0" tests="2" name="testcases.HomeloanTest" time="0.004" errors="0" timestamp="23 Apr 2023 16:57:42 GMT" skipped="0">
  <testcase classname="testcases.HomeloanTest" name="test2" time="0.001"/>
  <testcase classname="testcases.HomeloanTest" name="test1" time="0.003"/>
</testsuite> <!-- testcases.HomeloanTest -->
