<?xml version="1.0" encoding="UTF-8"?>
<!-- Generated by org.testng.reporters.JUnitReportReporter -->
<testsuite skipped="0" hostname="Kalyani" name="testcases.HomeloanTest" tests="1" failures="0" timestamp="24 Apr 2023 03:13:48 GMT" time="0.002" errors="0">
  <testcase name="test2" time="0.002" classname="testcases.HomeloanTest"/>
</testsuite> <!-- testcases.HomeloanTest -->
